# JRE version: OpenJDK Runtime Environment (17.0.2+8) (build 17.0.2+8-86)
# Java VM: OpenJDK 64-Bit Server VM (17.0.2+8-86, mixed mode, sharing, tiered, compressed oops, compressed class ptrs, g1 gc, windows-amd64)
GC Precious Log:
 CPUs: 4 total, 4 available
 Memory: 5995M
 Large Page Support: Disabled
 NUMA Support: Disabled
 Compressed Oops: Enabled (32-bit)
 Heap Region Size: 1M
 Heap Min Capacity: 256M
 Heap Initial Capacity: 256M
 Heap Max Capacity: 512M
 Pre-touch: Disabled
 Parallel Workers: 4
 Concurrent Workers: 1
 Concurrent Refinement Workers: 4
 Periodic GC: Disabled
Heap:
 garbage-first heap   total 326656K, used 254489K [0x00000000e0000000, 0x0000000100000000)
  region size 1024K, 79 young (80896K), 6 survivors (6144K)
 Metaspace       used 98208K, committed 99136K, reserved 303104K
  class space    used 13042K, committed 13504K, reserved 212992K
GC Heap History (20 events):
Event: 503.447 GC heap after
{Heap after GC invocations=35 (full 0):
 garbage-first heap   total 295936K, used 156728K [0x00000000e0000000, 0x0000000100000000)
  region size 1024K, 9 young (9216K), 9 survivors (9216K)
 Metaspace       used 79721K, committed 80512K, reserved 303104K
  class space    used 10626K, committed 11008K, reserved 212992K
}
Event: 504.808 GC heap before
{Heap before GC invocations=36 (full 0):
 garbage-first heap   total 295936K, used 228408K [0x00000000e0000000, 0x0000000100000000)
  region size 1024K, 80 young (81920K), 9 survivors (9216K)
 Metaspace       used 81474K, committed 82304K, reserved 303104K
  class space    used 10902K, committed 11264K, reserved 212992K
}
Event: 504.827 GC heap after
{Heap after GC invocations=37 (full 0):
 garbage-first heap   total 295936K, used 161678K [0x00000000e0000000, 0x0000000100000000)
  region size 1024K, 6 young (6144K), 6 survivors (6144K)
 Metaspace       used 81474K, committed 82304K, reserved 303104K
  class space    used 10902K, committed 11264K, reserved 212992K
}
Event: 504.902 GC heap before
{Heap before GC invocations=37 (full 0):
 garbage-first heap   total 295936K, used 169870K [0x00000000e0000000, 0x0000000100000000)
  region size 1024K, 14 young (14336K), 6 survivors (6144K)
 Metaspace       used 81584K, committed 82368K, reserved 303104K
  class space    used 10919K, committed 11264K, reserved 212992K
}
Event: 504.915 GC heap after
{Heap after GC invocations=38 (full 0):
 garbage-first heap   total 295936K, used 158951K [0x00000000e0000000, 0x0000000100000000)
  region size 1024K, 2 young (2048K), 2 survivors (2048K)
 Metaspace       used 81584K, committed 82368K, reserved 303104K
  class space    used 10919K, committed 11264K, reserved 212992K
}
Event: 505.587 GC heap before
{Heap before GC invocations=38 (full 0):
 garbage-first heap   total 295936K, used 188647K [0x00000000e0000000, 0x0000000100000000)
  region size 1024K, 32 young (32768K), 2 survivors (2048K)
 Metaspace       used 84546K, committed 85440K, reserved 303104K
  class space    used 11298K, committed 11712K, reserved 212992K
}
Event: 505.593 GC heap after
{Heap after GC invocations=39 (full 0):
 garbage-first heap   total 305152K, used 160571K [0x00000000e0000000, 0x0000000100000000)
  region size 1024K, 3 young (3072K), 3 survivors (3072K)
 Metaspace       used 84546K, committed 85440K, reserved 303104K
  class space    used 11298K, committed 11712K, reserved 212992K
}
Event: 591.491 GC heap before
{Heap before GC invocations=40 (full 0):
 garbage-first heap   total 305152K, used 241467K [0x00000000e0000000, 0x0000000100000000)
  region size 1024K, 81 young (82944K), 3 survivors (3072K)
 Metaspace       used 90011K, committed 90944K, reserved 303104K
  class space    used 11815K, committed 12224K, reserved 212992K
}
Event: 591.503 GC heap after
{Heap after GC invocations=41 (full 0):
 garbage-first heap   total 305152K, used 165843K [0x00000000e0000000, 0x0000000100000000)
  region size 1024K, 8 young (8192K), 8 survivors (8192K)
 Metaspace       used 90011K, committed 90944K, reserved 303104K
  class space    used 11815K, committed 12224K, reserved 212992K
}
Event: 591.626 GC heap before
{Heap before GC invocations=41 (full 0):
 garbage-first heap   total 305152K, used 170963K [0x00000000e0000000, 0x0000000100000000)
  region size 1024K, 14 young (14336K), 8 survivors (8192K)
 Metaspace       used 90259K, committed 91136K, reserved 303104K
  class space    used 11845K, committed 12224K, reserved 212992K
}
Event: 591.642 GC heap after
{Heap after GC invocations=42 (full 0):
 garbage-first heap   total 305152K, used 164607K [0x00000000e0000000, 0x0000000100000000)
  region size 1024K, 2 young (2048K), 2 survivors (2048K)
 Metaspace       used 90259K, committed 91136K, reserved 303104K
  class space    used 11845K, committed 12224K, reserved 212992K
}
Event: 592.013 GC heap before
{Heap before GC invocations=42 (full 0):
 garbage-first heap   total 305152K, used 184063K [0x00000000e0000000, 0x0000000100000000)
  region size 1024K, 22 young (22528K), 2 survivors (2048K)
 Metaspace       used 90265K, committed 91136K, reserved 303104K
  class space    used 11845K, committed 12224K, reserved 212992K
}
Event: 592.021 GC heap after
{Heap after GC invocations=43 (full 0):
 garbage-first heap   total 305152K, used 170878K [0x00000000e0000000, 0x0000000100000000)
  region size 1024K, 9 young (9216K), 9 survivors (9216K)
 Metaspace       used 90265K, committed 91136K, reserved 303104K
  class space    used 11845K, committed 12224K, reserved 212992K
}
Event: 593.177 GC heap before
{Heap before GC invocations=44 (full 0):
 garbage-first heap   total 326656K, used 236414K [0x00000000e0000000, 0x0000000100000000)
  region size 1024K, 73 young (74752K), 9 survivors (9216K)
 Metaspace       used 91453K, committed 92288K, reserved 303104K
  class space    used 11979K, committed 12352K, reserved 212992K
}
Event: 593.200 GC heap after
{Heap after GC invocations=45 (full 0):
 garbage-first heap   total 326656K, used 182686K [0x00000000e0000000, 0x0000000100000000)
  region size 1024K, 10 young (10240K), 10 survivors (10240K)
 Metaspace       used 91453K, committed 92288K, reserved 303104K
  class space    used 11979K, committed 12352K, reserved 212992K
}
Event: 593.290 GC heap before
{Heap before GC invocations=45 (full 0):
 garbage-first heap   total 326656K, used 186782K [0x00000000e0000000, 0x0000000100000000)
  region size 1024K, 15 young (15360K), 10 survivors (10240K)
 Metaspace       used 91588K, committed 92480K, reserved 303104K
  class space    used 11991K, committed 12416K, reserved 212992K
}
Event: 593.307 GC heap after
{Heap after GC invocations=46 (full 0):
 garbage-first heap   total 326656K, used 178590K [0x00000000e0000000, 0x0000000100000000)
  region size 1024K, 2 young (2048K), 2 survivors (2048K)
 Metaspace       used 91588K, committed 92480K, reserved 303104K
  class space    used 11991K, committed 12416K, reserved 212992K
}
Event: 594.718 GC heap before
{Heap before GC invocations=46 (full 0):
 garbage-first heap   total 326656K, used 250270K [0x00000000e0000000, 0x0000000100000000)
  region size 1024K, 72 young (73728K), 2 survivors (2048K)
 Metaspace       used 94388K, committed 95296K, reserved 303104K
  class space    used 12498K, committed 12928K, reserved 212992K
}
Event: 594.728 GC heap after
{Heap after GC invocations=47 (full 0):
 garbage-first heap   total 326656K, used 179737K [0x00000000e0000000, 0x0000000100000000)
  region size 1024K, 3 young (3072K), 3 survivors (3072K)
 Metaspace       used 94388K, committed 95296K, reserved 303104K
  class space    used 12498K, committed 12928K, reserved 212992K
}
Event: 596.535 GC heap before
{Heap before GC invocations=48 (full 0):
 garbage-first heap   total 326656K, used 254489K [0x00000000e0000000, 0x0000000100000000)
  region size 1024K, 76 young (77824K), 3 survivors (3072K)
 Metaspace       used 98208K, committed 99136K, reserved 303104K
  class space    used 13042K, committed 13504K, reserved 212992K
}

